<?xml version="1.0" encoding="UTF-8"?>
<testsuite xmlns:xsi="http://www.w3.org/2001/XMLSchema-instance" xsi:noNamespaceSchemaLocation="https://maven.apache.org/surefire/maven-surefire-plugin/xsd/surefire-test-report-3.0.xsd" version="3.0" name="com.lasu.hyperduty.PasswordTest" time="0.282" tests="1" errors="0" skipped="0" failures="0">
  <properties>
[...]
</properties>
  <testcase name="testPassword" classname="com.lasu.hyperduty.PasswordTest" time="0.269">
    <system-out><![CDATA[Password matches: false
New password hash: $2a$10$QAXZAjpYSAHgTU1WMOHbseQ77M/78iBaCcGTf.Zjj90N7EGNK6Jla
]]></system-out>
  </testcase>
</testsuite>